<?xml version="1.0" encoding="UTF-8"?>
<!-- Generated by org.testng.reporters.JUnitXMLReporter -->
<testsuite hostname="DESKTOP-EAC6D0I" ignored="0" name="LogOut" tests="1" failures="0" timestamp="19 Jun 2020 13:38:24 GMT" time="0.036" errors="0">
  <testcase name="@BeforeSuite SetUrl" time="13.122" classname="Constaints.Constaints">
    <failure type="org.openqa.selenium.SessionNotCreatedException" message="session not created: This version of ChromeDriver only supports Chrome version 80
Build info: version: &amp;apos;3.141.59&amp;apos;, revision: &amp;apos;e82be7d358&amp;apos;, time: &amp;apos;2018-11-14T08:25:48&amp;apos;
System info: host: &amp;apos;DESKTOP-EAC6D0I&amp;apos;, ip: &amp;apos;192.168.1.105&amp;apos;, os.name: &amp;apos;Windows 10&amp;apos;, os.arch: &amp;apos;amd64&amp;apos;, os.version: &amp;apos;10.0&amp;apos;, java.version: &amp;apos;1.8.0_201&amp;apos;
Driver info: driver.version: ChromeDriver
remote stacktrace: Backtrace:
	Ordinal0 [0x00530C83+1707139]
	Ordinal0 [0x004968F1+1075441]
	Ordinal0 [0x0040DFC9+516041]
	Ordinal0 [0x003A0554+66900]
	Ordinal0 [0x0039CCE2+52450]
	Ordinal0 [0x003BBFD7+180183]
	Ordinal0 [0x003BBDDD+179677]
	Ordinal0 [0x003B9D4B+171339]
	Ordinal0 [0x003A1D4A+73034]
	Ordinal0 [0x003A2DC0+77248]
	Ordinal0 [0x003A2D59+77145]
	Ordinal0 [0x004ABB67+1162087]
	GetHandleVerifier [0x005CA966+508998]
	GetHandleVerifier [0x005CA6A4+508292]
	GetHandleVerifier [0x005DF7B7+594583]
	GetHandleVerifier [0x005CB1D6+511158]
	Ordinal0 [0x004A402C+1130540]
	Ordinal0 [0x004AD4CB+1168587]
	Ordinal0 [0x004AD633+1168947]
	Ordinal0 [0x004C5B35+1268533]
	BaseThreadInitThunk [0x75116359+25]
	RtlGetAppContainerNamedObjectPath [0x77037C24+228]
	RtlGetAppContainerNamedObjectPath [0x77037BF4+180]
">
      <![CDATA[org.openqa.selenium.SessionNotCreatedException: session not created: This version of ChromeDriver only supports Chrome version 80
Build info: version: '3.141.59', revision: 'e82be7d358', time: '2018-11-14T08:25:48'
System info: host: 'DESKTOP-EAC6D0I', ip: '192.168.1.105', os.name: 'Windows 10', os.arch: 'amd64', os.version: '10.0', java.version: '1.8.0_201'
Driver info: driver.version: ChromeDriver
remote stacktrace: Backtrace:
Ordinal0 [0x00530C83+1707139]
Ordinal0 [0x004968F1+1075441]
Ordinal0 [0x0040DFC9+516041]
Ordinal0 [0x003A0554+66900]
Ordinal0 [0x0039CCE2+52450]
Ordinal0 [0x003BBFD7+180183]
Ordinal0 [0x003BBDDD+179677]
Ordinal0 [0x003B9D4B+171339]
Ordinal0 [0x003A1D4A+73034]
Ordinal0 [0x003A2DC0+77248]
Ordinal0 [0x003A2D59+77145]
Ordinal0 [0x004ABB67+1162087]
GetHandleVerifier [0x005CA966+508998]
GetHandleVerifier [0x005CA6A4+508292]
GetHandleVerifier [0x005DF7B7+594583]
GetHandleVerifier [0x005CB1D6+511158]
Ordinal0 [0x004A402C+1130540]
Ordinal0 [0x004AD4CB+1168587]
Ordinal0 [0x004AD633+1168947]
Ordinal0 [0x004C5B35+1268533]
BaseThreadInitThunk [0x75116359+25]
RtlGetAppContainerNamedObjectPath [0x77037C24+228]
RtlGetAppContainerNamedObjectPath [0x77037BF4+180]

at org.openqa.selenium.remote.W3CHandshakeResponse.lambda$errorHandler$0(W3CHandshakeResponse.java:62)
at org.openqa.selenium.remote.HandshakeResponse.lambda$getResponseFunction$0(HandshakeResponse.java:30)
at org.openqa.selenium.remote.ProtocolHandshake.lambda$createSession$0(ProtocolHandshake.java:126)
at java.util.stream.ReferencePipeline$3$1.accept(Unknown Source)
at java.util.Spliterators$ArraySpliterator.tryAdvance(Unknown Source)
at java.util.stream.ReferencePipeline.forEachWithCancel(Unknown Source)
at java.util.stream.AbstractPipeline.copyIntoWithCancel(Unknown Source)
at java.util.stream.AbstractPipeline.copyInto(Unknown Source)
at java.util.stream.AbstractPipeline.wrapAndCopyInto(Unknown Source)
at java.util.stream.FindOps$FindOp.evaluateSequential(Unknown Source)
at java.util.stream.AbstractPipeline.evaluate(Unknown Source)
at java.util.stream.ReferencePipeline.findFirst(Unknown Source)
at org.openqa.selenium.remote.ProtocolHandshake.createSession(ProtocolHandshake.java:128)
at org.openqa.selenium.remote.ProtocolHandshake.createSession(ProtocolHandshake.java:74)
at org.openqa.selenium.remote.HttpCommandExecutor.execute(HttpCommandExecutor.java:136)
at org.openqa.selenium.remote.service.DriverCommandExecutor.execute(DriverCommandExecutor.java:83)
at org.openqa.selenium.remote.RemoteWebDriver.execute(RemoteWebDriver.java:552)
at org.openqa.selenium.remote.RemoteWebDriver.startSession(RemoteWebDriver.java:213)
at org.openqa.selenium.remote.RemoteWebDriver.<init>(RemoteWebDriver.java:131)
at org.openqa.selenium.chrome.ChromeDriver.<init>(ChromeDriver.java:181)
at org.openqa.selenium.chrome.ChromeDriver.<init>(ChromeDriver.java:168)
at org.openqa.selenium.chrome.ChromeDriver.<init>(ChromeDriver.java:123)
at Constaints.Constaints.SetUrl(Constaints.java:44)
... Removed 24 stack frames]]>
    </failure>
  </testcase> <!-- @BeforeSuite SetUrl -->
  <testcase name="@AfterMethod getResult" time="0.0" classname="Constaints.Constaints">
    <skipped/>
  </testcase> <!-- @AfterMethod getResult -->
  <testcase name="@AfterTest endReport" time="0.0" classname="Constaints.Constaints">
    <skipped/>
  </testcase> <!-- @AfterTest endReport -->
  <testcase name="LogOut" time="0.0" classname="MountainGearTests.Logout">
    <skipped/>
  </testcase> <!-- LogOut -->
</testsuite> <!-- LogOut -->
